<?xml version="1.0" encoding="UTF-8"?>
<testng-results skipped="0" failed="0" ignored="0" total="1" passed="1">
  <reporter-output>
  </reporter-output>
  <suite name="Default suite" duration-ms="13168" started-at="2023-02-26T14:57:33Z" finished-at="2023-02-26T14:57:46Z">
    <groups>
    </groups>
    <test name="Default test" duration-ms="13168" started-at="2023-02-26T14:57:33Z" finished-at="2023-02-26T14:57:46Z">
      <class name="com.salesforce.testcases.TC001_VerifyLogin">
        <test-method status="PASS" signature="startReport()[pri:0, instance:com.salesforce.testcases.TC001_VerifyLogin@63753b6d]" name="startReport" is-config="true" duration-ms="252" started-at="2023-02-26T20:27:33Z" finished-at="2023-02-26T20:27:33Z">
          <reporter-output>
          </reporter-output>
        </test-method> <!-- startReport -->
        <test-method status="PASS" signature="setValues()[pri:0, instance:com.salesforce.testcases.TC001_VerifyLogin@63753b6d]" name="setValues" is-config="true" duration-ms="0" started-at="2023-02-26T20:27:33Z" finished-at="2023-02-26T20:27:33Z">
          <reporter-output>
          </reporter-output>
        </test-method> <!-- setValues -->
        <test-method status="PASS" signature="startTestCase()[pri:0, instance:com.salesforce.testcases.TC001_VerifyLogin@63753b6d]" name="startTestCase" is-config="true" duration-ms="11" started-at="2023-02-26T20:27:33Z" finished-at="2023-02-26T20:27:33Z">
          <reporter-output>
          </reporter-output>
        </test-method> <!-- startTestCase -->
        <test-method status="PASS" signature="preCondition()[pri:0, instance:com.salesforce.testcases.TC001_VerifyLogin@63753b6d]" name="preCondition" is-config="true" duration-ms="7417" started-at="2023-02-26T20:27:34Z" finished-at="2023-02-26T20:27:41Z">
          <reporter-output>
          </reporter-output>
        </test-method> <!-- preCondition -->
        <test-method status="PASS" signature="runLogin(java.lang.String, java.lang.String)[pri:0, instance:com.salesforce.testcases.TC001_VerifyLogin@63753b6d]" name="runLogin" duration-ms="5028" started-at="2023-02-26T20:27:41Z" data-provider="fetchData" finished-at="2023-02-26T20:27:46Z">
          <params>
            <param index="0">
              <value>
                <![CDATA[buddy@yahoo.com]]>
              </value>
            </param>
            <param index="1">
              <value>
                <![CDATA[123456]]>
              </value>
            </param>
          </params>
          <reporter-output>
          </reporter-output>
        </test-method> <!-- runLogin -->
        <test-method status="PASS" signature="endResult()[pri:0, instance:com.salesforce.testcases.TC001_VerifyLogin@63753b6d]" name="endResult" is-config="true" duration-ms="1134" started-at="2023-02-26T20:27:46Z" finished-at="2023-02-26T20:27:47Z">
          <reporter-output>
          </reporter-output>
        </test-method> <!-- endResult -->
      </class> <!-- com.salesforce.testcases.TC001_VerifyLogin -->
    </test> <!-- Default test -->
  </suite> <!-- Default suite -->
</testng-results>
